# JRE version: Java(TM) SE Runtime Environment (8.0_91-b15) (build 1.8.0_91-b15)
# Java VM: Java HotSpot(TM) 64-Bit Server VM (25.91-b15 mixed mode windows-amd64 compressed oops)
Heap:
 PSYoungGen      total 128512K, used 19612K [0x00000000eab00000, 0x00000000f5e80000, 0x0000000100000000)
  eden space 119296K, 9% used [0x00000000eab00000,0x00000000eb5c68f8,0x00000000f1f80000)
  from space 9216K, 93% used [0x00000000f1f80000,0x00000000f27e0778,0x00000000f2880000)
  to   space 10240K, 0% used [0x00000000f5480000,0x00000000f5480000,0x00000000f5e80000)
 ParOldGen       total 30720K, used 7628K [0x00000000c0000000, 0x00000000c1e00000, 0x00000000eab00000)
  object space 30720K, 24% used [0x00000000c0000000,0x00000000c07733e0,0x00000000c1e00000)
 Metaspace       used 31934K, capacity 32492K, committed 32640K, reserved 1077248K
  class space    used 4294K, capacity 4468K, committed 4480K, reserved 1048576K
GC Heap History (10 events):
Event: 4.125 GC heap before
{Heap before GC invocations=6 (full 0):
 PSYoungGen      total 33280K, used 33264K [0x00000000eab00000, 0x00000000ef700000, 0x0000000100000000)
  eden space 30720K, 100% used [0x00000000eab00000,0x00000000ec900000,0x00000000ec900000)
  from space 2560K, 99% used [0x00000000ec900000,0x00000000ecb7c010,0x00000000ecb80000)
  to   space 8192K, 0% used [0x00000000eef00000,0x00000000eef00000,0x00000000ef700000)
 ParOldGen       total 40960K, used 9604K [0x00000000c0000000, 0x00000000c2800000, 0x00000000eab00000)
  object space 40960K, 23% used [0x00000000c0000000,0x00000000c0961100,0x00000000c2800000)
 Metaspace       used 20814K, capacity 21160K, committed 21296K, reserved 1067008K
  class space    used 2804K, capacity 2914K, committed 2944K, reserved 1048576K
Event: 4.142 GC heap after
Heap after GC invocations=6 (full 0):
 PSYoungGen      total 69120K, used 6370K [0x00000000eab00000, 0x00000000ef800000, 0x0000000100000000)
  eden space 60928K, 0% used [0x00000000eab00000,0x00000000eab00000,0x00000000ee680000)
  from space 8192K, 77% used [0x00000000eef00000,0x00000000ef538890,0x00000000ef700000)
  to   space 8704K, 0% used [0x00000000ee680000,0x00000000ee680000,0x00000000eef00000)
 ParOldGen       total 40960K, used 9612K [0x00000000c0000000, 0x00000000c2800000, 0x00000000eab00000)
  object space 40960K, 23% used [0x00000000c0000000,0x00000000c0963100,0x00000000c2800000)
 Metaspace       used 20814K, capacity 21160K, committed 21296K, reserved 1067008K
  class space    used 2804K, capacity 2914K, committed 2944K, reserved 1048576K
}
Event: 4.150 GC heap before
{Heap before GC invocations=7 (full 0):
 PSYoungGen      total 69120K, used 7357K [0x00000000eab00000, 0x00000000ef800000, 0x0000000100000000)
  eden space 60928K, 1% used [0x00000000eab00000,0x00000000eabf6ed0,0x00000000ee680000)
  from space 8192K, 77% used [0x00000000eef00000,0x00000000ef538890,0x00000000ef700000)
  to   space 8704K, 0% used [0x00000000ee680000,0x00000000ee680000,0x00000000eef00000)
 ParOldGen       total 40960K, used 9612K [0x00000000c0000000, 0x00000000c2800000, 0x00000000eab00000)
  object space 40960K, 23% used [0x00000000c0000000,0x00000000c0963100,0x00000000c2800000)
 Metaspace       used 20830K, capacity 21160K, committed 21296K, reserved 1067008K
  class space    used 2807K, capacity 2914K, committed 2944K, reserved 1048576K
Event: 4.160 GC heap after
Heap after GC invocations=7 (full 0):
 PSYoungGen      total 69632K, used 3808K [0x00000000eab00000, 0x00000000f3300000, 0x0000000100000000)
  eden space 60928K, 0% used [0x00000000eab00000,0x00000000eab00000,0x00000000ee680000)
  from space 8704K, 43% used [0x00000000ee680000,0x00000000eea38000,0x00000000eef00000)
  to   space 8704K, 0% used [0x00000000f2a80000,0x00000000f2a80000,0x00000000f3300000)
 ParOldGen       total 40960K, used 10404K [0x00000000c0000000, 0x00000000c2800000, 0x00000000eab00000)
  object space 40960K, 25% used [0x00000000c0000000,0x00000000c0a29140,0x00000000c2800000)
 Metaspace       used 20830K, capacity 21160K, committed 21296K, reserved 1067008K
  class space    used 2807K, capacity 2914K, committed 2944K, reserved 1048576K
}
Event: 4.160 GC heap before
{Heap before GC invocations=8 (full 1):
 PSYoungGen      total 69632K, used 3808K [0x00000000eab00000, 0x00000000f3300000, 0x0000000100000000)
  eden space 60928K, 0% used [0x00000000eab00000,0x00000000eab00000,0x00000000ee680000)
  from space 8704K, 43% used [0x00000000ee680000,0x00000000eea38000,0x00000000eef00000)
  to   space 8704K, 0% used [0x00000000f2a80000,0x00000000f2a80000,0x00000000f3300000)
 ParOldGen       total 40960K, used 10404K [0x00000000c0000000, 0x00000000c2800000, 0x00000000eab00000)
  object space 40960K, 25% used [0x00000000c0000000,0x00000000c0a29140,0x00000000c2800000)
 Metaspace       used 20830K, capacity 21160K, committed 21296K, reserved 1067008K
  class space    used 2807K, capacity 2914K, committed 2944K, reserved 1048576K
Event: 4.268 GC heap after
Heap after GC invocations=8 (full 1):
 PSYoungGen      total 69632K, used 0K [0x00000000eab00000, 0x00000000f3300000, 0x0000000100000000)
  eden space 60928K, 0% used [0x00000000eab00000,0x00000000eab00000,0x00000000ee680000)
  from space 8704K, 0% used [0x00000000ee680000,0x00000000ee680000,0x00000000eef00000)
  to   space 8704K, 0% used [0x00000000f2a80000,0x00000000f2a80000,0x00000000f3300000)
 ParOldGen       total 30720K, used 7620K [0x00000000c0000000, 0x00000000c1e00000, 0x00000000eab00000)
  object space 30720K, 24% used [0x00000000c0000000,0x00000000c07713e0,0x00000000c1e00000)
 Metaspace       used 20830K, capacity 21160K, committed 21296K, reserved 1067008K
  class space    used 2807K, capacity 2914K, committed 2944K, reserved 1048576K
}
Event: 5.567 GC heap before
{Heap before GC invocations=9 (full 1):
 PSYoungGen      total 69632K, used 60928K [0x00000000eab00000, 0x00000000f3300000, 0x0000000100000000)
  eden space 60928K, 100% used [0x00000000eab00000,0x00000000ee680000,0x00000000ee680000)
  from space 8704K, 0% used [0x00000000ee680000,0x00000000ee680000,0x00000000eef00000)
  to   space 8704K, 0% used [0x00000000f2a80000,0x00000000f2a80000,0x00000000f3300000)
 ParOldGen       total 30720K, used 7620K [0x00000000c0000000, 0x00000000c1e00000, 0x00000000eab00000)
  object space 30720K, 24% used [0x00000000c0000000,0x00000000c07713e0,0x00000000c1e00000)
 Metaspace       used 26897K, capacity 27380K, committed 27648K, reserved 1073152K
  class space    used 3692K, capacity 3834K, committed 3840K, reserved 1048576K
Event: 5.578 GC heap after
Heap after GC invocations=9 (full 1):
 PSYoungGen      total 118272K, used 6695K [0x00000000eab00000, 0x00000000f3180000, 0x0000000100000000)
  eden space 111104K, 0% used [0x00000000eab00000,0x00000000eab00000,0x00000000f1780000)
  from space 7168K, 93% used [0x00000000f2a80000,0x00000000f3109f20,0x00000000f3180000)
  to   space 9216K, 0% used [0x00000000f1f80000,0x00000000f1f80000,0x00000000f2880000)
 ParOldGen       total 30720K, used 7628K [0x00000000c0000000, 0x00000000c1e00000, 0x00000000eab00000)
  object space 30720K, 24% used [0x00000000c0000000,0x00000000c07733e0,0x00000000c1e00000)
 Metaspace       used 26897K, capacity 27380K, committed 27648K, reserved 1073152K
  class space    used 3692K, capacity 3834K, committed 3840K, reserved 1048576K
}
Event: 8.159 GC heap before
{Heap before GC invocations=10 (full 1):
 PSYoungGen      total 118272K, used 117799K [0x00000000eab00000, 0x00000000f3180000, 0x0000000100000000)
  eden space 111104K, 100% used [0x00000000eab00000,0x00000000f1780000,0x00000000f1780000)
  from space 7168K, 93% used [0x00000000f2a80000,0x00000000f3109f20,0x00000000f3180000)
  to   space 9216K, 0% used [0x00000000f1f80000,0x00000000f1f80000,0x00000000f2880000)
 ParOldGen       total 30720K, used 7628K [0x00000000c0000000, 0x00000000c1e00000, 0x00000000eab00000)
  object space 30720K, 24% used [0x00000000c0000000,0x00000000c07733e0,0x00000000c1e00000)
 Metaspace       used 31053K, capacity 31552K, committed 31744K, reserved 1077248K
  class space    used 4180K, capacity 4306K, committed 4352K, reserved 1048576K
Event: 8.196 GC heap after
Heap after GC invocations=10 (full 1):
 PSYoungGen      total 128512K, used 8577K [0x00000000eab00000, 0x00000000f5e80000, 0x0000000100000000)
  eden space 119296K, 0% used [0x00000000eab00000,0x00000000eab00000,0x00000000f1f80000)
  from space 9216K, 93% used [0x00000000f1f80000,0x00000000f27e0778,0x00000000f2880000)
  to   space 10240K, 0% used [0x00000000f5480000,0x00000000f5480000,0x00000000f5e80000)
 ParOldGen       total 30720K, used 7628K [0x00000000c0000000, 0x00000000c1e00000, 0x00000000eab00000)
  object space 30720K, 24% used [0x00000000c0000000,0x00000000c07733e0,0x00000000c1e00000)
 Metaspace       used 31053K, capacity 31552K, committed 31744K, reserved 1077248K
  class space    used 4180K, capacity 4306K, committed 4352K, reserved 1048576K
}

