# JRE version: Java(TM) SE Runtime Environment (8.0_91-b15) (build 1.8.0_91-b15)
# Java VM: Java HotSpot(TM) 64-Bit Server VM (25.91-b15 mixed mode windows-amd64 compressed oops)
Heap:
 PSYoungGen      total 230912K, used 184716K [0x00000000eab00000, 0x00000000f9f00000, 0x0000000100000000)
  eden space 216064K, 80% used [0x00000000eab00000,0x00000000f5454898,0x00000000f7e00000)
  from space 14848K, 76% used [0x00000000f9080000,0x00000000f9b8e7a0,0x00000000f9f00000)
  to   space 16896K, 0% used [0x00000000f7e00000,0x00000000f7e00000,0x00000000f8e80000)
 ParOldGen       total 51200K, used 35612K [0x00000000c0000000, 0x00000000c3200000, 0x00000000eab00000)
  object space 51200K, 69% used [0x00000000c0000000,0x00000000c22c7340,0x00000000c3200000)
 Metaspace       used 54096K, capacity 55156K, committed 55168K, reserved 1097728K
  class space    used 7223K, capacity 7545K, committed 7552K, reserved 1048576K
GC Heap History (10 events):
Event: 11.774 GC heap before
{Heap before GC invocations=10 (full 1):
 PSYoungGen      total 116224K, used 115727K [0x00000000eab00000, 0x00000000f3180000, 0x0000000100000000)
  eden space 109056K, 100% used [0x00000000eab00000,0x00000000f1580000,0x00000000f1580000)
  from space 7168K, 93% used [0x00000000f2a80000,0x00000000f3103f00,0x00000000f3180000)
  to   space 9216K, 0% used [0x00000000f1f80000,0x00000000f1f80000,0x00000000f2880000)
 ParOldGen       total 31232K, used 7684K [0x00000000c0000000, 0x00000000c1e80000, 0x00000000eab00000)
  object space 31232K, 24% used [0x00000000c0000000,0x00000000c0781078,0x00000000c1e80000)
 Metaspace       used 30980K, capacity 31484K, committed 31744K, reserved 1077248K
  class space    used 4157K, capacity 4268K, committed 4352K, reserved 1048576K
Event: 11.799 GC heap after
Heap after GC invocations=10 (full 1):
 PSYoungGen      total 128512K, used 8360K [0x00000000eab00000, 0x00000000f5900000, 0x0000000100000000)
  eden space 119296K, 0% used [0x00000000eab00000,0x00000000eab00000,0x00000000f1f80000)
  from space 9216K, 90% used [0x00000000f1f80000,0x00000000f27aa368,0x00000000f2880000)
  to   space 10240K, 0% used [0x00000000f4f00000,0x00000000f4f00000,0x00000000f5900000)
 ParOldGen       total 31232K, used 7684K [0x00000000c0000000, 0x00000000c1e80000, 0x00000000eab00000)
  object space 31232K, 24% used [0x00000000c0000000,0x00000000c0781078,0x00000000c1e80000)
 Metaspace       used 30980K, capacity 31484K, committed 31744K, reserved 1077248K
  class space    used 4157K, capacity 4268K, committed 4352K, reserved 1048576K
}
Event: 12.834 GC heap before
{Heap before GC invocations=11 (full 1):
 PSYoungGen      total 128512K, used 85094K [0x00000000eab00000, 0x00000000f5900000, 0x0000000100000000)
  eden space 119296K, 64% used [0x00000000eab00000,0x00000000ef5ef6d8,0x00000000f1f80000)
  from space 9216K, 90% used [0x00000000f1f80000,0x00000000f27aa368,0x00000000f2880000)
  to   space 10240K, 0% used [0x00000000f4f00000,0x00000000f4f00000,0x00000000f5900000)
 ParOldGen       total 31232K, used 7684K [0x00000000c0000000, 0x00000000c1e80000, 0x00000000eab00000)
  object space 31232K, 24% used [0x00000000c0000000,0x00000000c0781078,0x00000000c1e80000)
 Metaspace       used 34759K, capacity 35386K, committed 35496K, reserved 1079296K
  class space    used 4680K, capacity 4819K, committed 4864K, reserved 1048576K
Event: 12.861 GC heap after
Heap after GC invocations=11 (full 1):
 PSYoungGen      total 164864K, used 10237K [0x00000000eab00000, 0x00000000f6b00000, 0x0000000100000000)
  eden space 154624K, 0% used [0x00000000eab00000,0x00000000eab00000,0x00000000f4200000)
  from space 10240K, 99% used [0x00000000f4f00000,0x00000000f58ff408,0x00000000f5900000)
  to   space 13312K, 0% used [0x00000000f4200000,0x00000000f4200000,0x00000000f4f00000)
 ParOldGen       total 31232K, used 12260K [0x00000000c0000000, 0x00000000c1e80000, 0x00000000eab00000)
  object space 31232K, 39% used [0x00000000c0000000,0x00000000c0bf9248,0x00000000c1e80000)
 Metaspace       used 34759K, capacity 35386K, committed 35496K, reserved 1079296K
  class space    used 4680K, capacity 4819K, committed 4864K, reserved 1048576K
}
Event: 12.862 GC heap before
{Heap before GC invocations=12 (full 2):
 PSYoungGen      total 164864K, used 10237K [0x00000000eab00000, 0x00000000f6b00000, 0x0000000100000000)
  eden space 154624K, 0% used [0x00000000eab00000,0x00000000eab00000,0x00000000f4200000)
  from space 10240K, 99% used [0x00000000f4f00000,0x00000000f58ff408,0x00000000f5900000)
  to   space 13312K, 0% used [0x00000000f4200000,0x00000000f4200000,0x00000000f4f00000)
 ParOldGen       total 31232K, used 12260K [0x00000000c0000000, 0x00000000c1e80000, 0x00000000eab00000)
  object space 31232K, 39% used [0x00000000c0000000,0x00000000c0bf9248,0x00000000c1e80000)
 Metaspace       used 34759K, capacity 35386K, committed 35496K, reserved 1079296K
  class space    used 4680K, capacity 4819K, committed 4864K, reserved 1048576K
Event: 13.005 GC heap after
Heap after GC invocations=12 (full 2):
 PSYoungGen      total 164864K, used 0K [0x00000000eab00000, 0x00000000f6b00000, 0x0000000100000000)
  eden space 154624K, 0% used [0x00000000eab00000,0x00000000eab00000,0x00000000f4200000)
  from space 10240K, 0% used [0x00000000f4f00000,0x00000000f4f00000,0x00000000f5900000)
  to   space 13312K, 0% used [0x00000000f4200000,0x00000000f4200000,0x00000000f4f00000)
 ParOldGen       total 51200K, used 22234K [0x00000000c0000000, 0x00000000c3200000, 0x00000000eab00000)
  object space 51200K, 43% used [0x00000000c0000000,0x00000000c15b6b90,0x00000000c3200000)
 Metaspace       used 34759K, capacity 35386K, committed 35496K, reserved 1079296K
  class space    used 4680K, capacity 4819K, committed 4864K, reserved 1048576K
}
Event: 20.874 GC heap before
{Heap before GC invocations=13 (full 2):
 PSYoungGen      total 164864K, used 154624K [0x00000000eab00000, 0x00000000f6b00000, 0x0000000100000000)
  eden space 154624K, 100% used [0x00000000eab00000,0x00000000f4200000,0x00000000f4200000)
  from space 10240K, 0% used [0x00000000f4f00000,0x00000000f4f00000,0x00000000f5900000)
  to   space 13312K, 0% used [0x00000000f4200000,0x00000000f4200000,0x00000000f4f00000)
 ParOldGen       total 51200K, used 22234K [0x00000000c0000000, 0x00000000c3200000, 0x00000000eab00000)
  object space 51200K, 43% used [0x00000000c0000000,0x00000000c15b6b90,0x00000000c3200000)
 Metaspace       used 44376K, capacity 45200K, committed 45440K, reserved 1089536K
  class space    used 6032K, capacity 6250K, committed 6272K, reserved 1048576K
Event: 20.928 GC heap after
Heap after GC invocations=13 (full 2):
 PSYoungGen      total 167936K, used 13310K [0x00000000eab00000, 0x00000000fa000000, 0x0000000100000000)
  eden space 154624K, 0% used [0x00000000eab00000,0x00000000eab00000,0x00000000f4200000)
  from space 13312K, 99% used [0x00000000f4200000,0x00000000f4eff998,0x00000000f4f00000)
  to   space 15872K, 0% used [0x00000000f9080000,0x00000000f9080000,0x00000000fa000000)
 ParOldGen       total 51200K, used 25031K [0x00000000c0000000, 0x00000000c3200000, 0x00000000eab00000)
  object space 51200K, 48% used [0x00000000c0000000,0x00000000c1871ee8,0x00000000c3200000)
 Metaspace       used 44376K, capacity 45200K, committed 45440K, reserved 1089536K
  class space    used 6032K, capacity 6250K, committed 6272K, reserved 1048576K
}
Event: 24.009 GC heap before
{Heap before GC invocations=14 (full 2):
 PSYoungGen      total 167936K, used 167934K [0x00000000eab00000, 0x00000000fa000000, 0x0000000100000000)
  eden space 154624K, 100% used [0x00000000eab00000,0x00000000f4200000,0x00000000f4200000)
  from space 13312K, 99% used [0x00000000f4200000,0x00000000f4eff998,0x00000000f4f00000)
  to   space 15872K, 0% used [0x00000000f9080000,0x00000000f9080000,0x00000000fa000000)
 ParOldGen       total 51200K, used 25031K [0x00000000c0000000, 0x00000000c3200000, 0x00000000eab00000)
  object space 51200K, 48% used [0x00000000c0000000,0x00000000c1871ee8,0x00000000c3200000)
 Metaspace       used 48014K, capacity 49044K, committed 49152K, reserved 1091584K
  class space    used 6571K, capacity 6873K, committed 6912K, reserved 1048576K
Event: 24.072 GC heap after
Heap after GC invocations=14 (full 2):
 PSYoungGen      total 230912K, used 11321K [0x00000000eab00000, 0x00000000f9f00000, 0x0000000100000000)
  eden space 216064K, 0% used [0x00000000eab00000,0x00000000eab00000,0x00000000f7e00000)
  from space 14848K, 76% used [0x00000000f9080000,0x00000000f9b8e7a0,0x00000000f9f00000)
  to   space 16896K, 0% used [0x00000000f7e00000,0x00000000f7e00000,0x00000000f8e80000)
 ParOldGen       total 51200K, used 35612K [0x00000000c0000000, 0x00000000c3200000, 0x00000000eab00000)
  object space 51200K, 69% used [0x00000000c0000000,0x00000000c22c7340,0x00000000c3200000)
 Metaspace       used 48014K, capacity 49044K, committed 49152K, reserved 1091584K
  class space    used 6571K, capacity 6873K, committed 6912K, reserved 1048576K
}

